2021-04-04 20:43:14,181 INFO org.springframework.boot.StartupInfoLogger [main] Starting EnterpriseApplication using Java 15.0.2 on LAPTOP-GKC7R00I with PID 7568 (C:\Users\commu\IdeaProjects\PhotoLocos\target\classes started by commu in C:\Users\commu\IdeaProjects\PhotoLocos)
2021-04-04 20:43:14,183 DEBUG org.springframework.boot.StartupInfoLogger [main] Running with Spring Boot v2.4.2, Spring v5.3.3
2021-04-04 20:43:14,183 INFO org.springframework.boot.SpringApplication [main] No active profile set, falling back to default profiles: dev
2021-04-04 20:43:16,309 INFO org.springframework.boot.StartupInfoLogger [main] Started EnterpriseApplication in 2.461 seconds (JVM running for 2.942)
2021-04-04 20:43:25,453 INFO org.springframework.boot.StartupInfoLogger [main] Starting EnterpriseApplicationTests using Java 15.0.2 on LAPTOP-GKC7R00I with PID 17204 (started by commu in C:\Users\commu\IdeaProjects\PhotoLocos)
2021-04-04 20:43:25,456 DEBUG org.springframework.boot.StartupInfoLogger [main] Running with Spring Boot v2.4.2, Spring v5.3.3
2021-04-04 20:43:25,457 INFO org.springframework.boot.SpringApplication [main] The following profiles are active: test
2021-04-04 20:43:27,590 INFO org.springframework.boot.StartupInfoLogger [main] Started EnterpriseApplicationTests in 2.462 seconds (JVM running for 3.524)
2021-04-19 12:58:57,869 INFO org.springframework.boot.StartupInfoLogger [main] Starting EnterpriseApplicationTests using Java 15.0.2 on LAPTOP-GKC7R00I with PID 18020 (started by commu in C:\Users\commu\IdeaProjects\PhotoLocos)
2021-04-19 12:58:57,871 DEBUG org.springframework.boot.StartupInfoLogger [main] Running with Spring Boot v2.4.2, Spring v5.3.3
2021-04-19 12:58:57,871 INFO org.springframework.boot.SpringApplication [main] The following profiles are active: test
2021-04-19 12:59:00,002 INFO org.springframework.boot.StartupInfoLogger [main] Started EnterpriseApplicationTests in 2.512 seconds (JVM running for 3.62)
2021-04-19 13:13:53,453 INFO org.springframework.boot.StartupInfoLogger [main] Starting EnterpriseApplication using Java 15.0.2 on LAPTOP-GKC7R00I with PID 21904 (C:\Users\commu\IdeaProjects\PhotoLocos\target\classes started by commu in C:\Users\commu\IdeaProjects\PhotoLocos)
2021-04-19 13:13:53,460 DEBUG org.springframework.boot.StartupInfoLogger [main] Running with Spring Boot v2.4.2, Spring v5.3.3
2021-04-19 13:13:53,461 INFO org.springframework.boot.SpringApplication [main] No active profile set, falling back to default profiles: dev
2021-04-19 13:13:56,479 INFO org.springframework.boot.StartupInfoLogger [main] Started EnterpriseApplication in 3.491 seconds (JVM running for 4.158)
2021-04-19 13:26:59,765 INFO org.springframework.boot.StartupInfoLogger [main] Starting EnterpriseApplication using Java 15.0.2 on LAPTOP-GKC7R00I with PID 3028 (C:\Users\commu\IdeaProjects\PhotoLocos\target\classes started by commu in C:\Users\commu\IdeaProjects\PhotoLocos)
2021-04-19 13:26:59,771 DEBUG org.springframework.boot.StartupInfoLogger [main] Running with Spring Boot v2.4.2, Spring v5.3.3
2021-04-19 13:26:59,772 INFO org.springframework.boot.SpringApplication [main] No active profile set, falling back to default profiles: dev
2021-04-19 13:27:02,535 INFO org.springframework.boot.StartupInfoLogger [main] Started EnterpriseApplication in 3.266 seconds (JVM running for 3.905)
